2024-01-02 11:14:56,837 - INFO - Start Scrapping Data at 2024-01-02 11:14:56.837378
2024-01-02 11:14:56,837 - INFO - Generating URL with parameteres : Destination = IST / Origin = JFK /  Date_Leave = 2024-01-01 / Date_Return = 2024-01-05
2024-01-02 11:14:59,262 - INFO - Mount The  Driver Succefully
2024-01-02 11:15:03,901 - INFO - _make_url_request ------> Results Reetrieved Succefully 
2024-01-02 11:15:03,992 - INFO - Generale Data Scrapped Succefully
2024-01-02 11:15:03,993 - INFO - Flights Partitions Generated Succefully
2024-01-02 11:15:03,993 - INFO - depart_time = 8:00 PM
2024-01-02 11:15:03,993 - INFO - arrival_time = 4:40 PM+1
2024-01-02 11:15:03,993 - INFO - airline = Royal Air Maroc
2024-01-02 11:15:03,993 - INFO - travel_time = 12 hr 40 min
2024-01-02 11:15:03,993 - INFO - origin = JFK
2024-01-02 11:15:03,993 - INFO - dest = IST
2024-01-02 11:15:03,993 - INFO - stops = 1
2024-01-02 11:15:03,993 - INFO - stop_time = 1 hr CMN
2024-01-02 11:15:03,993 - INFO - stop_location = [' CMN']
2024-01-02 11:15:03,993 - INFO - price_str =  12,837
2024-01-02 11:15:03,993 - INFO - price_value = 12837.0
2024-01-02 11:15:03,993 - INFO - flight_data ====== []
2024-01-02 11:15:03,994 - INFO - depart_time = 10:35 PM
2024-01-02 11:15:03,994 - INFO - arrival_time = 12:35 AM+2
2024-01-02 11:15:03,994 - INFO - airline = LOTOperated by Air Belgium
2024-01-02 11:15:03,994 - INFO - travel_time = 18 hr
2024-01-02 11:15:03,994 - INFO - origin = JFK
2024-01-02 11:15:03,994 - INFO - dest = IST
2024-01-02 11:15:03,994 - INFO - stops = 1
2024-01-02 11:15:03,994 - INFO - stop_time = 6 hr 50 
2024-01-02 11:15:03,994 - INFO - stop_location =  WAW
2024-01-02 11:15:03,994 - INFO - price_str =  13,063
2024-01-02 11:15:03,994 - INFO - price_value = 13063.0
2024-01-02 11:15:03,994 - INFO - flight_data ====== [{'Leave Date': '2024-01-01', 'Return Date': '2024-01-05', 'Depart Time (Leg 1)': '8:00\u202fPM', 'Arrival Time (Leg 1)': '4:40\u202fPM+1', 'Airline(s)': 'Royal Air Maroc', 'Travel Time': '12 hr 40 min', 'Origin': 'JFK', 'Destination': 'IST', 'Num Stops': 1, 'Layover Time': '1 hr CMN', 'Stop Location': [' CMN'], 'CO2 Emission': None, 'Emission Avg Diff (%)': None, 'Price ($)': 12837.0, 'Trip Type': 'round trip', 'Access Date': '2024-01-02'}]
2024-01-02 11:15:03,994 - INFO - depart_time = 12:50 PM
2024-01-02 11:15:03,994 - INFO - arrival_time = 6:40 AM+1
2024-01-02 11:15:03,994 - INFO - airline = Turkish Airlines
2024-01-02 11:15:03,994 - INFO - travel_time = 9 hr 50 min
2024-01-02 11:15:03,994 - INFO - origin = JFK
2024-01-02 11:15:03,995 - INFO - dest = IST
2024-01-02 11:15:03,995 - INFO - stops = 0
2024-01-02 11:15:03,995 - INFO - stop_time = None
2024-01-02 11:15:03,995 - INFO - stop_location = None
2024-01-02 11:15:03,995 - INFO - price_str =  18,908
2024-01-02 11:15:03,995 - INFO - price_value = 18908.0
2024-01-02 11:15:03,995 - INFO - flight_data ====== [{'Leave Date': '2024-01-01', 'Return Date': '2024-01-05', 'Depart Time (Leg 1)': '8:00\u202fPM', 'Arrival Time (Leg 1)': '4:40\u202fPM+1', 'Airline(s)': 'Royal Air Maroc', 'Travel Time': '12 hr 40 min', 'Origin': 'JFK', 'Destination': 'IST', 'Num Stops': 1, 'Layover Time': '1 hr CMN', 'Stop Location': [' CMN'], 'CO2 Emission': None, 'Emission Avg Diff (%)': None, 'Price ($)': 12837.0, 'Trip Type': 'round trip', 'Access Date': '2024-01-02'}, {'Leave Date': '2024-01-01', 'Return Date': '2024-01-05', 'Depart Time (Leg 1)': '10:35\u202fPM', 'Arrival Time (Leg 1)': '12:35\u202fAM+2', 'Airline(s)': 'LOTOperated by Air Belgium', 'Travel Time': '18 hr', 'Origin': 'JFK', 'Destination': 'IST', 'Num Stops': 1, 'Layover Time': '6 hr 50 ', 'Stop Location': ' WAW', 'CO2 Emission': None, 'Emission Avg Diff (%)': None, 'Price ($)': 13063.0, 'Trip Type': 'round trip', 'Access Date': '2024-01-02'}]
2024-01-02 11:15:03,995 - INFO - depart_time = 9:00 PM
2024-01-02 11:15:03,995 - INFO - arrival_time = 11:10 PM+1
2024-01-02 11:15:03,995 - INFO - airline = SWISS, Wizz Air
2024-01-02 11:15:03,995 - INFO - travel_time = 18 hr 10 min
2024-01-02 11:15:03,995 - INFO - origin = JFK
2024-01-02 11:15:03,995 - INFO - dest = IST
2024-01-02 11:15:03,995 - INFO - stops = 2
2024-01-02 11:15:03,995 - INFO - stop_time = None
2024-01-02 11:15:03,995 - INFO - stop_location = ['ZRH, BUD']
2024-01-02 11:15:03,995 - INFO - price_str =  12,345
2024-01-02 11:15:03,995 - INFO - price_value = 12345.0
2024-01-02 11:15:03,996 - INFO - flight_data ====== [{'Leave Date': '2024-01-01', 'Return Date': '2024-01-05', 'Depart Time (Leg 1)': '8:00\u202fPM', 'Arrival Time (Leg 1)': '4:40\u202fPM+1', 'Airline(s)': 'Royal Air Maroc', 'Travel Time': '12 hr 40 min', 'Origin': 'JFK', 'Destination': 'IST', 'Num Stops': 1, 'Layover Time': '1 hr CMN', 'Stop Location': [' CMN'], 'CO2 Emission': None, 'Emission Avg Diff (%)': None, 'Price ($)': 12837.0, 'Trip Type': 'round trip', 'Access Date': '2024-01-02'}, {'Leave Date': '2024-01-01', 'Return Date': '2024-01-05', 'Depart Time (Leg 1)': '10:35\u202fPM', 'Arrival Time (Leg 1)': '12:35\u202fAM+2', 'Airline(s)': 'LOTOperated by Air Belgium', 'Travel Time': '18 hr', 'Origin': 'JFK', 'Destination': 'IST', 'Num Stops': 1, 'Layover Time': '6 hr 50 ', 'Stop Location': ' WAW', 'CO2 Emission': None, 'Emission Avg Diff (%)': None, 'Price ($)': 13063.0, 'Trip Type': 'round trip', 'Access Date': '2024-01-02'}, {'Leave Date': '2024-01-01', 'Return Date': '2024-01-05', 'Depart Time (Leg 1)': '12:50\u202fPM', 'Arrival Time (Leg 1)': '6:40\u202fAM+1', 'Airline(s)': 'Turkish Airlines', 'Travel Time': '9 hr 50 min', 'Origin': 'JFK', 'Destination': 'IST', 'Num Stops': 0, 'Layover Time': None, 'Stop Location': None, 'CO2 Emission': None, 'Emission Avg Diff (%)': None, 'Price ($)': 18908.0, 'Trip Type': 'round trip', 'Access Date': '2024-01-02'}]
2024-01-02 11:15:03,996 - INFO - depart_time = 9:00 PM
2024-01-02 11:15:03,996 - INFO - arrival_time = 11:35 PM+1
2024-01-02 11:15:03,996 - INFO - airline = SWISS, Turkish Airlines
2024-01-02 11:15:03,996 - INFO - travel_time = 18 hr 35 min
2024-01-02 11:15:03,996 - INFO - origin = JFK
2024-01-02 11:15:03,996 - INFO - dest = IST
2024-01-02 11:15:03,996 - INFO - stops = 2
2024-01-02 11:15:03,996 - INFO - stop_time = None
2024-01-02 11:15:03,996 - INFO - stop_location = ['ZRH, OTP']
2024-01-02 11:15:03,996 - INFO - price_str =  12,542
2024-01-02 11:15:03,996 - INFO - price_value = 12542.0
2024-01-02 11:15:03,996 - INFO - flight_data ====== [{'Leave Date': '2024-01-01', 'Return Date': '2024-01-05', 'Depart Time (Leg 1)': '8:00\u202fPM', 'Arrival Time (Leg 1)': '4:40\u202fPM+1', 'Airline(s)': 'Royal Air Maroc', 'Travel Time': '12 hr 40 min', 'Origin': 'JFK', 'Destination': 'IST', 'Num Stops': 1, 'Layover Time': '1 hr CMN', 'Stop Location': [' CMN'], 'CO2 Emission': None, 'Emission Avg Diff (%)': None, 'Price ($)': 12837.0, 'Trip Type': 'round trip', 'Access Date': '2024-01-02'}, {'Leave Date': '2024-01-01', 'Return Date': '2024-01-05', 'Depart Time (Leg 1)': '10:35\u202fPM', 'Arrival Time (Leg 1)': '12:35\u202fAM+2', 'Airline(s)': 'LOTOperated by Air Belgium', 'Travel Time': '18 hr', 'Origin': 'JFK', 'Destination': 'IST', 'Num Stops': 1, 'Layover Time': '6 hr 50 ', 'Stop Location': ' WAW', 'CO2 Emission': None, 'Emission Avg Diff (%)': None, 'Price ($)': 13063.0, 'Trip Type': 'round trip', 'Access Date': '2024-01-02'}, {'Leave Date': '2024-01-01', 'Return Date': '2024-01-05', 'Depart Time (Leg 1)': '12:50\u202fPM', 'Arrival Time (Leg 1)': '6:40\u202fAM+1', 'Airline(s)': 'Turkish Airlines', 'Travel Time': '9 hr 50 min', 'Origin': 'JFK', 'Destination': 'IST', 'Num Stops': 0, 'Layover Time': None, 'Stop Location': None, 'CO2 Emission': None, 'Emission Avg Diff (%)': None, 'Price ($)': 18908.0, 'Trip Type': 'round trip', 'Access Date': '2024-01-02'}, {'Leave Date': '2024-01-01', 'Return Date': '2024-01-05', 'Depart Time (Leg 1)': '9:00\u202fPM', 'Arrival Time (Leg 1)': '11:10\u202fPM+1', 'Airline(s)': 'SWISS, Wizz Air', 'Travel Time': '18 hr 10 min', 'Origin': 'JFK', 'Destination': 'IST', 'Num Stops': 2, 'Layover Time': None, 'Stop Location': ['ZRH, BUD'], 'CO2 Emission': None, 'Emission Avg Diff (%)': None, 'Price ($)': 12345.0, 'Trip Type': 'round trip', 'Access Date': '2024-01-02'}]
2024-01-02 11:15:03,996 - INFO - depart_time = 8:00 PM
2024-01-02 11:15:03,996 - INFO - arrival_time = 11:50 PM+1
2024-01-02 11:15:03,996 - INFO - airline = Royal Air Maroc, Turkish Airlines
2024-01-02 11:15:03,997 - INFO - travel_time = 19 hr 50 min
2024-01-02 11:15:03,997 - INFO - origin = JFK
2024-01-02 11:15:03,997 - INFO - dest = IST
2024-01-02 11:15:03,997 - INFO - stops = 1
2024-01-02 11:15:03,997 - INFO - stop_time = 8 hr 20 
2024-01-02 11:15:03,997 - INFO - stop_location =  CMN
2024-01-02 11:15:03,997 - INFO - price_str =  12,583
2024-01-02 11:15:03,997 - INFO - price_value = 12583.0
2024-01-02 11:15:03,997 - INFO - flight_data ====== [{'Leave Date': '2024-01-01', 'Return Date': '2024-01-05', 'Depart Time (Leg 1)': '8:00\u202fPM', 'Arrival Time (Leg 1)': '4:40\u202fPM+1', 'Airline(s)': 'Royal Air Maroc', 'Travel Time': '12 hr 40 min', 'Origin': 'JFK', 'Destination': 'IST', 'Num Stops': 1, 'Layover Time': '1 hr CMN', 'Stop Location': [' CMN'], 'CO2 Emission': None, 'Emission Avg Diff (%)': None, 'Price ($)': 12837.0, 'Trip Type': 'round trip', 'Access Date': '2024-01-02'}, {'Leave Date': '2024-01-01', 'Return Date': '2024-01-05', 'Depart Time (Leg 1)': '10:35\u202fPM', 'Arrival Time (Leg 1)': '12:35\u202fAM+2', 'Airline(s)': 'LOTOperated by Air Belgium', 'Travel Time': '18 hr', 'Origin': 'JFK', 'Destination': 'IST', 'Num Stops': 1, 'Layover Time': '6 hr 50 ', 'Stop Location': ' WAW', 'CO2 Emission': None, 'Emission Avg Diff (%)': None, 'Price ($)': 13063.0, 'Trip Type': 'round trip', 'Access Date': '2024-01-02'}, {'Leave Date': '2024-01-01', 'Return Date': '2024-01-05', 'Depart Time (Leg 1)': '12:50\u202fPM', 'Arrival Time (Leg 1)': '6:40\u202fAM+1', 'Airline(s)': 'Turkish Airlines', 'Travel Time': '9 hr 50 min', 'Origin': 'JFK', 'Destination': 'IST', 'Num Stops': 0, 'Layover Time': None, 'Stop Location': None, 'CO2 Emission': None, 'Emission Avg Diff (%)': None, 'Price ($)': 18908.0, 'Trip Type': 'round trip', 'Access Date': '2024-01-02'}, {'Leave Date': '2024-01-01', 'Return Date': '2024-01-05', 'Depart Time (Leg 1)': '9:00\u202fPM', 'Arrival Time (Leg 1)': '11:10\u202fPM+1', 'Airline(s)': 'SWISS, Wizz Air', 'Travel Time': '18 hr 10 min', 'Origin': 'JFK', 'Destination': 'IST', 'Num Stops': 2, 'Layover Time': None, 'Stop Location': ['ZRH, BUD'], 'CO2 Emission': None, 'Emission Avg Diff (%)': None, 'Price ($)': 12345.0, 'Trip Type': 'round trip', 'Access Date': '2024-01-02'}, {'Leave Date': '2024-01-01', 'Return Date': '2024-01-05', 'Depart Time (Leg 1)': '9:00\u202fPM', 'Arrival Time (Leg 1)': '11:35\u202fPM+1', 'Airline(s)': 'SWISS, Turkish Airlines', 'Travel Time': '18 hr 35 min', 'Origin': 'JFK', 'Destination': 'IST', 'Num Stops': 2, 'Layover Time': None, 'Stop Location': ['ZRH, OTP'], 'CO2 Emission': None, 'Emission Avg Diff (%)': None, 'Price ($)': 12542.0, 'Trip Type': 'round trip', 'Access Date': '2024-01-02'}]
2024-01-02 11:15:03,997 - INFO - depart_time = 10:05 PM
2024-01-02 11:15:03,997 - INFO - arrival_time = 12:40 AM+2
2024-01-02 11:15:03,997 - INFO - airline = Air Europa, Turkish Airlines
2024-01-02 11:15:03,997 - INFO - travel_time = 18 hr 35 min
2024-01-02 11:15:03,998 - INFO - origin = JFK
2024-01-02 11:15:03,998 - INFO - dest = IST
2024-01-02 11:15:03,998 - INFO - stops = 2
2024-01-02 11:15:03,998 - INFO - stop_time = None
2024-01-02 11:15:03,998 - INFO - stop_location = ['MAD, FCO']
2024-01-02 11:15:03,998 - INFO - price_str =  12,815
2024-01-02 11:15:03,998 - INFO - price_value = 12815.0
2024-01-02 11:15:03,998 - INFO - flight_data ====== [{'Leave Date': '2024-01-01', 'Return Date': '2024-01-05', 'Depart Time (Leg 1)': '8:00\u202fPM', 'Arrival Time (Leg 1)': '4:40\u202fPM+1', 'Airline(s)': 'Royal Air Maroc', 'Travel Time': '12 hr 40 min', 'Origin': 'JFK', 'Destination': 'IST', 'Num Stops': 1, 'Layover Time': '1 hr CMN', 'Stop Location': [' CMN'], 'CO2 Emission': None, 'Emission Avg Diff (%)': None, 'Price ($)': 12837.0, 'Trip Type': 'round trip', 'Access Date': '2024-01-02'}, {'Leave Date': '2024-01-01', 'Return Date': '2024-01-05', 'Depart Time (Leg 1)': '10:35\u202fPM', 'Arrival Time (Leg 1)': '12:35\u202fAM+2', 'Airline(s)': 'LOTOperated by Air Belgium', 'Travel Time': '18 hr', 'Origin': 'JFK', 'Destination': 'IST', 'Num Stops': 1, 'Layover Time': '6 hr 50 ', 'Stop Location': ' WAW', 'CO2 Emission': None, 'Emission Avg Diff (%)': None, 'Price ($)': 13063.0, 'Trip Type': 'round trip', 'Access Date': '2024-01-02'}, {'Leave Date': '2024-01-01', 'Return Date': '2024-01-05', 'Depart Time (Leg 1)': '12:50\u202fPM', 'Arrival Time (Leg 1)': '6:40\u202fAM+1', 'Airline(s)': 'Turkish Airlines', 'Travel Time': '9 hr 50 min', 'Origin': 'JFK', 'Destination': 'IST', 'Num Stops': 0, 'Layover Time': None, 'Stop Location': None, 'CO2 Emission': None, 'Emission Avg Diff (%)': None, 'Price ($)': 18908.0, 'Trip Type': 'round trip', 'Access Date': '2024-01-02'}, {'Leave Date': '2024-01-01', 'Return Date': '2024-01-05', 'Depart Time (Leg 1)': '9:00\u202fPM', 'Arrival Time (Leg 1)': '11:10\u202fPM+1', 'Airline(s)': 'SWISS, Wizz Air', 'Travel Time': '18 hr 10 min', 'Origin': 'JFK', 'Destination': 'IST', 'Num Stops': 2, 'Layover Time': None, 'Stop Location': ['ZRH, BUD'], 'CO2 Emission': None, 'Emission Avg Diff (%)': None, 'Price ($)': 12345.0, 'Trip Type': 'round trip', 'Access Date': '2024-01-02'}, {'Leave Date': '2024-01-01', 'Return Date': '2024-01-05', 'Depart Time (Leg 1)': '9:00\u202fPM', 'Arrival Time (Leg 1)': '11:35\u202fPM+1', 'Airline(s)': 'SWISS, Turkish Airlines', 'Travel Time': '18 hr 35 min', 'Origin': 'JFK', 'Destination': 'IST', 'Num Stops': 2, 'Layover Time': None, 'Stop Location': ['ZRH, OTP'], 'CO2 Emission': None, 'Emission Avg Diff (%)': None, 'Price ($)': 12542.0, 'Trip Type': 'round trip', 'Access Date': '2024-01-02'}, {'Leave Date': '2024-01-01', 'Return Date': '2024-01-05', 'Depart Time (Leg 1)': '8:00\u202fPM', 'Arrival Time (Leg 1)': '11:50\u202fPM+1', 'Airline(s)': 'Royal Air Maroc, Turkish Airlines', 'Travel Time': '19 hr 50 min', 'Origin': 'JFK', 'Destination': 'IST', 'Num Stops': 1, 'Layover Time': '8 hr 20 ', 'Stop Location': ' CMN', 'CO2 Emission': None, 'Emission Avg Diff (%)': None, 'Price ($)': 12583.0, 'Trip Type': 'round trip', 'Access Date': '2024-01-02'}]
2024-01-02 11:15:03,998 - INFO - depart_time = 10:35 PM
2024-01-02 11:15:03,998 - INFO - arrival_time = 5:30 PM+2
2024-01-02 11:15:03,998 - INFO - airline = LOTOperated by Air Belgium
2024-01-02 11:15:03,998 - INFO - travel_time = 34 hr 55 min
2024-01-02 11:15:03,998 - INFO - origin = JFK
2024-01-02 11:15:03,998 - INFO - dest = IST
2024-01-02 11:15:03,999 - INFO - stops = 1
2024-01-02 11:15:03,999 - INFO - stop_time = 23 hr 45 
2024-01-02 11:15:03,999 - INFO - stop_location =  WAW
2024-01-02 11:15:03,999 - INFO - price_str =  13,047
2024-01-02 11:15:03,999 - INFO - price_value = 13047.0
2024-01-02 11:15:03,999 - INFO - flight_data ====== [{'Leave Date': '2024-01-01', 'Return Date': '2024-01-05', 'Depart Time (Leg 1)': '8:00\u202fPM', 'Arrival Time (Leg 1)': '4:40\u202fPM+1', 'Airline(s)': 'Royal Air Maroc', 'Travel Time': '12 hr 40 min', 'Origin': 'JFK', 'Destination': 'IST', 'Num Stops': 1, 'Layover Time': '1 hr CMN', 'Stop Location': [' CMN'], 'CO2 Emission': None, 'Emission Avg Diff (%)': None, 'Price ($)': 12837.0, 'Trip Type': 'round trip', 'Access Date': '2024-01-02'}, {'Leave Date': '2024-01-01', 'Return Date': '2024-01-05', 'Depart Time (Leg 1)': '10:35\u202fPM', 'Arrival Time (Leg 1)': '12:35\u202fAM+2', 'Airline(s)': 'LOTOperated by Air Belgium', 'Travel Time': '18 hr', 'Origin': 'JFK', 'Destination': 'IST', 'Num Stops': 1, 'Layover Time': '6 hr 50 ', 'Stop Location': ' WAW', 'CO2 Emission': None, 'Emission Avg Diff (%)': None, 'Price ($)': 13063.0, 'Trip Type': 'round trip', 'Access Date': '2024-01-02'}, {'Leave Date': '2024-01-01', 'Return Date': '2024-01-05', 'Depart Time (Leg 1)': '12:50\u202fPM', 'Arrival Time (Leg 1)': '6:40\u202fAM+1', 'Airline(s)': 'Turkish Airlines', 'Travel Time': '9 hr 50 min', 'Origin': 'JFK', 'Destination': 'IST', 'Num Stops': 0, 'Layover Time': None, 'Stop Location': None, 'CO2 Emission': None, 'Emission Avg Diff (%)': None, 'Price ($)': 18908.0, 'Trip Type': 'round trip', 'Access Date': '2024-01-02'}, {'Leave Date': '2024-01-01', 'Return Date': '2024-01-05', 'Depart Time (Leg 1)': '9:00\u202fPM', 'Arrival Time (Leg 1)': '11:10\u202fPM+1', 'Airline(s)': 'SWISS, Wizz Air', 'Travel Time': '18 hr 10 min', 'Origin': 'JFK', 'Destination': 'IST', 'Num Stops': 2, 'Layover Time': None, 'Stop Location': ['ZRH, BUD'], 'CO2 Emission': None, 'Emission Avg Diff (%)': None, 'Price ($)': 12345.0, 'Trip Type': 'round trip', 'Access Date': '2024-01-02'}, {'Leave Date': '2024-01-01', 'Return Date': '2024-01-05', 'Depart Time (Leg 1)': '9:00\u202fPM', 'Arrival Time (Leg 1)': '11:35\u202fPM+1', 'Airline(s)': 'SWISS, Turkish Airlines', 'Travel Time': '18 hr 35 min', 'Origin': 'JFK', 'Destination': 'IST', 'Num Stops': 2, 'Layover Time': None, 'Stop Location': ['ZRH, OTP'], 'CO2 Emission': None, 'Emission Avg Diff (%)': None, 'Price ($)': 12542.0, 'Trip Type': 'round trip', 'Access Date': '2024-01-02'}, {'Leave Date': '2024-01-01', 'Return Date': '2024-01-05', 'Depart Time (Leg 1)': '8:00\u202fPM', 'Arrival Time (Leg 1)': '11:50\u202fPM+1', 'Airline(s)': 'Royal Air Maroc, Turkish Airlines', 'Travel Time': '19 hr 50 min', 'Origin': 'JFK', 'Destination': 'IST', 'Num Stops': 1, 'Layover Time': '8 hr 20 ', 'Stop Location': ' CMN', 'CO2 Emission': None, 'Emission Avg Diff (%)': None, 'Price ($)': 12583.0, 'Trip Type': 'round trip', 'Access Date': '2024-01-02'}, {'Leave Date': '2024-01-01', 'Return Date': '2024-01-05', 'Depart Time (Leg 1)': '10:05\u202fPM', 'Arrival Time (Leg 1)': '12:40\u202fAM+2', 'Airline(s)': 'Air Europa, Turkish Airlines', 'Travel Time': '18 hr 35 min', 'Origin': 'JFK', 'Destination': 'IST', 'Num Stops': 2, 'Layover Time': None, 'Stop Location': ['MAD, FCO'], 'CO2 Emission': None, 'Emission Avg Diff (%)': None, 'Price ($)': 12815.0, 'Trip Type': 'round trip', 'Access Date': '2024-01-02'}]
2024-01-02 11:15:03,999 - INFO - depart_time = 6:30 PM
2024-01-02 11:15:03,999 - INFO - arrival_time = 5:45 PM+1
2024-01-02 11:15:03,999 - INFO - airline = Air France, Transavia
2024-01-02 11:15:03,999 - INFO - travel_time = 15 hr 15 min
2024-01-02 11:15:03,999 - INFO - origin = JFK
2024-01-02 11:15:03,999 - INFO - dest = IST
2024-01-02 11:15:03,999 - INFO - stops = 1
2024-01-02 11:15:03,999 - INFO - stop_time = Change of airport
2024-01-02 11:15:03,999 - INFO - stop_location = ['Change of airport']
2024-01-02 11:15:03,999 - INFO - price_str =  13,297
2024-01-02 11:15:03,999 - INFO - price_value = 13297.0
2024-01-02 11:15:03,999 - INFO - flight_data ====== [{'Leave Date': '2024-01-01', 'Return Date': '2024-01-05', 'Depart Time (Leg 1)': '8:00\u202fPM', 'Arrival Time (Leg 1)': '4:40\u202fPM+1', 'Airline(s)': 'Royal Air Maroc', 'Travel Time': '12 hr 40 min', 'Origin': 'JFK', 'Destination': 'IST', 'Num Stops': 1, 'Layover Time': '1 hr CMN', 'Stop Location': [' CMN'], 'CO2 Emission': None, 'Emission Avg Diff (%)': None, 'Price ($)': 12837.0, 'Trip Type': 'round trip', 'Access Date': '2024-01-02'}, {'Leave Date': '2024-01-01', 'Return Date': '2024-01-05', 'Depart Time (Leg 1)': '10:35\u202fPM', 'Arrival Time (Leg 1)': '12:35\u202fAM+2', 'Airline(s)': 'LOTOperated by Air Belgium', 'Travel Time': '18 hr', 'Origin': 'JFK', 'Destination': 'IST', 'Num Stops': 1, 'Layover Time': '6 hr 50 ', 'Stop Location': ' WAW', 'CO2 Emission': None, 'Emission Avg Diff (%)': None, 'Price ($)': 13063.0, 'Trip Type': 'round trip', 'Access Date': '2024-01-02'}, {'Leave Date': '2024-01-01', 'Return Date': '2024-01-05', 'Depart Time (Leg 1)': '12:50\u202fPM', 'Arrival Time (Leg 1)': '6:40\u202fAM+1', 'Airline(s)': 'Turkish Airlines', 'Travel Time': '9 hr 50 min', 'Origin': 'JFK', 'Destination': 'IST', 'Num Stops': 0, 'Layover Time': None, 'Stop Location': None, 'CO2 Emission': None, 'Emission Avg Diff (%)': None, 'Price ($)': 18908.0, 'Trip Type': 'round trip', 'Access Date': '2024-01-02'}, {'Leave Date': '2024-01-01', 'Return Date': '2024-01-05', 'Depart Time (Leg 1)': '9:00\u202fPM', 'Arrival Time (Leg 1)': '11:10\u202fPM+1', 'Airline(s)': 'SWISS, Wizz Air', 'Travel Time': '18 hr 10 min', 'Origin': 'JFK', 'Destination': 'IST', 'Num Stops': 2, 'Layover Time': None, 'Stop Location': ['ZRH, BUD'], 'CO2 Emission': None, 'Emission Avg Diff (%)': None, 'Price ($)': 12345.0, 'Trip Type': 'round trip', 'Access Date': '2024-01-02'}, {'Leave Date': '2024-01-01', 'Return Date': '2024-01-05', 'Depart Time (Leg 1)': '9:00\u202fPM', 'Arrival Time (Leg 1)': '11:35\u202fPM+1', 'Airline(s)': 'SWISS, Turkish Airlines', 'Travel Time': '18 hr 35 min', 'Origin': 'JFK', 'Destination': 'IST', 'Num Stops': 2, 'Layover Time': None, 'Stop Location': ['ZRH, OTP'], 'CO2 Emission': None, 'Emission Avg Diff (%)': None, 'Price ($)': 12542.0, 'Trip Type': 'round trip', 'Access Date': '2024-01-02'}, {'Leave Date': '2024-01-01', 'Return Date': '2024-01-05', 'Depart Time (Leg 1)': '8:00\u202fPM', 'Arrival Time (Leg 1)': '11:50\u202fPM+1', 'Airline(s)': 'Royal Air Maroc, Turkish Airlines', 'Travel Time': '19 hr 50 min', 'Origin': 'JFK', 'Destination': 'IST', 'Num Stops': 1, 'Layover Time': '8 hr 20 ', 'Stop Location': ' CMN', 'CO2 Emission': None, 'Emission Avg Diff (%)': None, 'Price ($)': 12583.0, 'Trip Type': 'round trip', 'Access Date': '2024-01-02'}, {'Leave Date': '2024-01-01', 'Return Date': '2024-01-05', 'Depart Time (Leg 1)': '10:05\u202fPM', 'Arrival Time (Leg 1)': '12:40\u202fAM+2', 'Airline(s)': 'Air Europa, Turkish Airlines', 'Travel Time': '18 hr 35 min', 'Origin': 'JFK', 'Destination': 'IST', 'Num Stops': 2, 'Layover Time': None, 'Stop Location': ['MAD, FCO'], 'CO2 Emission': None, 'Emission Avg Diff (%)': None, 'Price ($)': 12815.0, 'Trip Type': 'round trip', 'Access Date': '2024-01-02'}, {'Leave Date': '2024-01-01', 'Return Date': '2024-01-05', 'Depart Time (Leg 1)': '10:35\u202fPM', 'Arrival Time (Leg 1)': '5:30\u202fPM+2', 'Airline(s)': 'LOTOperated by Air Belgium', 'Travel Time': '34 hr 55 min', 'Origin': 'JFK', 'Destination': 'IST', 'Num Stops': 1, 'Layover Time': '23 hr 45 ', 'Stop Location': ' WAW', 'CO2 Emission': None, 'Emission Avg Diff (%)': None, 'Price ($)': 13047.0, 'Trip Type': 'round trip', 'Access Date': '2024-01-02'}]
2024-01-02 11:15:04,000 - INFO - depart_time = 6:30 PM
2024-01-02 11:15:04,000 - INFO - arrival_time = 5:10 PM+1
2024-01-02 11:15:04,000 - INFO - airline = Air France
2024-01-02 11:15:04,000 - INFO - travel_time = 14 hr 40 min
2024-01-02 11:15:04,000 - INFO - origin = JFK
2024-01-02 11:15:04,000 - INFO - dest = IST
2024-01-02 11:15:04,000 - INFO - stops = 1
2024-01-02 11:15:04,000 - INFO - stop_time = 3 hr 55 
2024-01-02 11:15:04,000 - INFO - stop_location =  CDG
2024-01-02 11:15:04,000 - INFO - price_str =  13,439
2024-01-02 11:15:04,000 - INFO - price_value = 13439.0
2024-01-02 11:15:04,000 - INFO - flight_data ====== [{'Leave Date': '2024-01-01', 'Return Date': '2024-01-05', 'Depart Time (Leg 1)': '8:00\u202fPM', 'Arrival Time (Leg 1)': '4:40\u202fPM+1', 'Airline(s)': 'Royal Air Maroc', 'Travel Time': '12 hr 40 min', 'Origin': 'JFK', 'Destination': 'IST', 'Num Stops': 1, 'Layover Time': '1 hr CMN', 'Stop Location': [' CMN'], 'CO2 Emission': None, 'Emission Avg Diff (%)': None, 'Price ($)': 12837.0, 'Trip Type': 'round trip', 'Access Date': '2024-01-02'}, {'Leave Date': '2024-01-01', 'Return Date': '2024-01-05', 'Depart Time (Leg 1)': '10:35\u202fPM', 'Arrival Time (Leg 1)': '12:35\u202fAM+2', 'Airline(s)': 'LOTOperated by Air Belgium', 'Travel Time': '18 hr', 'Origin': 'JFK', 'Destination': 'IST', 'Num Stops': 1, 'Layover Time': '6 hr 50 ', 'Stop Location': ' WAW', 'CO2 Emission': None, 'Emission Avg Diff (%)': None, 'Price ($)': 13063.0, 'Trip Type': 'round trip', 'Access Date': '2024-01-02'}, {'Leave Date': '2024-01-01', 'Return Date': '2024-01-05', 'Depart Time (Leg 1)': '12:50\u202fPM', 'Arrival Time (Leg 1)': '6:40\u202fAM+1', 'Airline(s)': 'Turkish Airlines', 'Travel Time': '9 hr 50 min', 'Origin': 'JFK', 'Destination': 'IST', 'Num Stops': 0, 'Layover Time': None, 'Stop Location': None, 'CO2 Emission': None, 'Emission Avg Diff (%)': None, 'Price ($)': 18908.0, 'Trip Type': 'round trip', 'Access Date': '2024-01-02'}, {'Leave Date': '2024-01-01', 'Return Date': '2024-01-05', 'Depart Time (Leg 1)': '9:00\u202fPM', 'Arrival Time (Leg 1)': '11:10\u202fPM+1', 'Airline(s)': 'SWISS, Wizz Air', 'Travel Time': '18 hr 10 min', 'Origin': 'JFK', 'Destination': 'IST', 'Num Stops': 2, 'Layover Time': None, 'Stop Location': ['ZRH, BUD'], 'CO2 Emission': None, 'Emission Avg Diff (%)': None, 'Price ($)': 12345.0, 'Trip Type': 'round trip', 'Access Date': '2024-01-02'}, {'Leave Date': '2024-01-01', 'Return Date': '2024-01-05', 'Depart Time (Leg 1)': '9:00\u202fPM', 'Arrival Time (Leg 1)': '11:35\u202fPM+1', 'Airline(s)': 'SWISS, Turkish Airlines', 'Travel Time': '18 hr 35 min', 'Origin': 'JFK', 'Destination': 'IST', 'Num Stops': 2, 'Layover Time': None, 'Stop Location': ['ZRH, OTP'], 'CO2 Emission': None, 'Emission Avg Diff (%)': None, 'Price ($)': 12542.0, 'Trip Type': 'round trip', 'Access Date': '2024-01-02'}, {'Leave Date': '2024-01-01', 'Return Date': '2024-01-05', 'Depart Time (Leg 1)': '8:00\u202fPM', 'Arrival Time (Leg 1)': '11:50\u202fPM+1', 'Airline(s)': 'Royal Air Maroc, Turkish Airlines', 'Travel Time': '19 hr 50 min', 'Origin': 'JFK', 'Destination': 'IST', 'Num Stops': 1, 'Layover Time': '8 hr 20 ', 'Stop Location': ' CMN', 'CO2 Emission': None, 'Emission Avg Diff (%)': None, 'Price ($)': 12583.0, 'Trip Type': 'round trip', 'Access Date': '2024-01-02'}, {'Leave Date': '2024-01-01', 'Return Date': '2024-01-05', 'Depart Time (Leg 1)': '10:05\u202fPM', 'Arrival Time (Leg 1)': '12:40\u202fAM+2', 'Airline(s)': 'Air Europa, Turkish Airlines', 'Travel Time': '18 hr 35 min', 'Origin': 'JFK', 'Destination': 'IST', 'Num Stops': 2, 'Layover Time': None, 'Stop Location': ['MAD, FCO'], 'CO2 Emission': None, 'Emission Avg Diff (%)': None, 'Price ($)': 12815.0, 'Trip Type': 'round trip', 'Access Date': '2024-01-02'}, {'Leave Date': '2024-01-01', 'Return Date': '2024-01-05', 'Depart Time (Leg 1)': '10:35\u202fPM', 'Arrival Time (Leg 1)': '5:30\u202fPM+2', 'Airline(s)': 'LOTOperated by Air Belgium', 'Travel Time': '34 hr 55 min', 'Origin': 'JFK', 'Destination': 'IST', 'Num Stops': 1, 'Layover Time': '23 hr 45 ', 'Stop Location': ' WAW', 'CO2 Emission': None, 'Emission Avg Diff (%)': None, 'Price ($)': 13047.0, 'Trip Type': 'round trip', 'Access Date': '2024-01-02'}, {'Leave Date': '2024-01-01', 'Return Date': '2024-01-05', 'Depart Time (Leg 1)': '6:30\u202fPM', 'Arrival Time (Leg 1)': '5:45\u202fPM+1', 'Airline(s)': 'Air France, Transavia', 'Travel Time': '15 hr 15 min', 'Origin': 'JFK', 'Destination': 'IST', 'Num Stops': 1, 'Layover Time': 'Change of airport', 'Stop Location': ['Change of airport'], 'CO2 Emission': None, 'Emission Avg Diff (%)': None, 'Price ($)': 13297.0, 'Trip Type': 'round trip', 'Access Date': '2024-01-02'}]
2024-01-02 11:15:04,000 - INFO - depart_time = 8:00 PM
2024-01-02 11:15:04,000 - INFO - arrival_time = 1:55 PM+1
2024-01-02 11:15:04,000 - INFO - airline = Turkish Airlines
2024-01-02 11:15:04,000 - INFO - travel_time = 9 hr 55 min
2024-01-02 11:15:04,000 - INFO - origin = JFK
2024-01-02 11:15:04,000 - INFO - dest = IST
2024-01-02 11:15:04,000 - INFO - stops = 0
2024-01-02 11:15:04,000 - INFO - stop_time = None
2024-01-02 11:15:04,000 - INFO - stop_location = None
2024-01-02 11:15:04,000 - INFO - price_str =  19,205
2024-01-02 11:15:04,001 - INFO - price_value = 19205.0
2024-01-02 11:15:04,001 - INFO - flight_data ====== [{'Leave Date': '2024-01-01', 'Return Date': '2024-01-05', 'Depart Time (Leg 1)': '8:00\u202fPM', 'Arrival Time (Leg 1)': '4:40\u202fPM+1', 'Airline(s)': 'Royal Air Maroc', 'Travel Time': '12 hr 40 min', 'Origin': 'JFK', 'Destination': 'IST', 'Num Stops': 1, 'Layover Time': '1 hr CMN', 'Stop Location': [' CMN'], 'CO2 Emission': None, 'Emission Avg Diff (%)': None, 'Price ($)': 12837.0, 'Trip Type': 'round trip', 'Access Date': '2024-01-02'}, {'Leave Date': '2024-01-01', 'Return Date': '2024-01-05', 'Depart Time (Leg 1)': '10:35\u202fPM', 'Arrival Time (Leg 1)': '12:35\u202fAM+2', 'Airline(s)': 'LOTOperated by Air Belgium', 'Travel Time': '18 hr', 'Origin': 'JFK', 'Destination': 'IST', 'Num Stops': 1, 'Layover Time': '6 hr 50 ', 'Stop Location': ' WAW', 'CO2 Emission': None, 'Emission Avg Diff (%)': None, 'Price ($)': 13063.0, 'Trip Type': 'round trip', 'Access Date': '2024-01-02'}, {'Leave Date': '2024-01-01', 'Return Date': '2024-01-05', 'Depart Time (Leg 1)': '12:50\u202fPM', 'Arrival Time (Leg 1)': '6:40\u202fAM+1', 'Airline(s)': 'Turkish Airlines', 'Travel Time': '9 hr 50 min', 'Origin': 'JFK', 'Destination': 'IST', 'Num Stops': 0, 'Layover Time': None, 'Stop Location': None, 'CO2 Emission': None, 'Emission Avg Diff (%)': None, 'Price ($)': 18908.0, 'Trip Type': 'round trip', 'Access Date': '2024-01-02'}, {'Leave Date': '2024-01-01', 'Return Date': '2024-01-05', 'Depart Time (Leg 1)': '9:00\u202fPM', 'Arrival Time (Leg 1)': '11:10\u202fPM+1', 'Airline(s)': 'SWISS, Wizz Air', 'Travel Time': '18 hr 10 min', 'Origin': 'JFK', 'Destination': 'IST', 'Num Stops': 2, 'Layover Time': None, 'Stop Location': ['ZRH, BUD'], 'CO2 Emission': None, 'Emission Avg Diff (%)': None, 'Price ($)': 12345.0, 'Trip Type': 'round trip', 'Access Date': '2024-01-02'}, {'Leave Date': '2024-01-01', 'Return Date': '2024-01-05', 'Depart Time (Leg 1)': '9:00\u202fPM', 'Arrival Time (Leg 1)': '11:35\u202fPM+1', 'Airline(s)': 'SWISS, Turkish Airlines', 'Travel Time': '18 hr 35 min', 'Origin': 'JFK', 'Destination': 'IST', 'Num Stops': 2, 'Layover Time': None, 'Stop Location': ['ZRH, OTP'], 'CO2 Emission': None, 'Emission Avg Diff (%)': None, 'Price ($)': 12542.0, 'Trip Type': 'round trip', 'Access Date': '2024-01-02'}, {'Leave Date': '2024-01-01', 'Return Date': '2024-01-05', 'Depart Time (Leg 1)': '8:00\u202fPM', 'Arrival Time (Leg 1)': '11:50\u202fPM+1', 'Airline(s)': 'Royal Air Maroc, Turkish Airlines', 'Travel Time': '19 hr 50 min', 'Origin': 'JFK', 'Destination': 'IST', 'Num Stops': 1, 'Layover Time': '8 hr 20 ', 'Stop Location': ' CMN', 'CO2 Emission': None, 'Emission Avg Diff (%)': None, 'Price ($)': 12583.0, 'Trip Type': 'round trip', 'Access Date': '2024-01-02'}, {'Leave Date': '2024-01-01', 'Return Date': '2024-01-05', 'Depart Time (Leg 1)': '10:05\u202fPM', 'Arrival Time (Leg 1)': '12:40\u202fAM+2', 'Airline(s)': 'Air Europa, Turkish Airlines', 'Travel Time': '18 hr 35 min', 'Origin': 'JFK', 'Destination': 'IST', 'Num Stops': 2, 'Layover Time': None, 'Stop Location': ['MAD, FCO'], 'CO2 Emission': None, 'Emission Avg Diff (%)': None, 'Price ($)': 12815.0, 'Trip Type': 'round trip', 'Access Date': '2024-01-02'}, {'Leave Date': '2024-01-01', 'Return Date': '2024-01-05', 'Depart Time (Leg 1)': '10:35\u202fPM', 'Arrival Time (Leg 1)': '5:30\u202fPM+2', 'Airline(s)': 'LOTOperated by Air Belgium', 'Travel Time': '34 hr 55 min', 'Origin': 'JFK', 'Destination': 'IST', 'Num Stops': 1, 'Layover Time': '23 hr 45 ', 'Stop Location': ' WAW', 'CO2 Emission': None, 'Emission Avg Diff (%)': None, 'Price ($)': 13047.0, 'Trip Type': 'round trip', 'Access Date': '2024-01-02'}, {'Leave Date': '2024-01-01', 'Return Date': '2024-01-05', 'Depart Time (Leg 1)': '6:30\u202fPM', 'Arrival Time (Leg 1)': '5:45\u202fPM+1', 'Airline(s)': 'Air France, Transavia', 'Travel Time': '15 hr 15 min', 'Origin': 'JFK', 'Destination': 'IST', 'Num Stops': 1, 'Layover Time': 'Change of airport', 'Stop Location': ['Change of airport'], 'CO2 Emission': None, 'Emission Avg Diff (%)': None, 'Price ($)': 13297.0, 'Trip Type': 'round trip', 'Access Date': '2024-01-02'}, {'Leave Date': '2024-01-01', 'Return Date': '2024-01-05', 'Depart Time (Leg 1)': '6:30\u202fPM', 'Arrival Time (Leg 1)': '5:10\u202fPM+1', 'Airline(s)': 'Air France', 'Travel Time': '14 hr 40 min', 'Origin': 'JFK', 'Destination': 'IST', 'Num Stops': 1, 'Layover Time': '3 hr 55 ', 'Stop Location': ' CDG', 'CO2 Emission': None, 'Emission Avg Diff (%)': None, 'Price ($)': 13439.0, 'Trip Type': 'round trip', 'Access Date': '2024-01-02'}]
2024-01-02 11:15:04,001 - INFO - depart_time = 11:40 PM
2024-01-02 11:15:04,001 - INFO - arrival_time = 5:25 PM+1
2024-01-02 11:15:04,001 - INFO - airline = Turkish AirlinesJetBlue
2024-01-02 11:15:04,001 - INFO - travel_time = 9 hr 45 min
2024-01-02 11:15:04,001 - INFO - origin = JFK
2024-01-02 11:15:04,001 - INFO - dest = IST
2024-01-02 11:15:04,001 - INFO - stops = 0
2024-01-02 11:15:04,001 - INFO - stop_time = None
2024-01-02 11:15:04,001 - INFO - stop_location = None
2024-01-02 11:15:04,001 - INFO - price_str =  20,494
2024-01-02 11:15:04,001 - INFO - price_value = 20494.0
2024-01-02 11:15:04,001 - INFO - flight_data ====== [{'Leave Date': '2024-01-01', 'Return Date': '2024-01-05', 'Depart Time (Leg 1)': '8:00\u202fPM', 'Arrival Time (Leg 1)': '4:40\u202fPM+1', 'Airline(s)': 'Royal Air Maroc', 'Travel Time': '12 hr 40 min', 'Origin': 'JFK', 'Destination': 'IST', 'Num Stops': 1, 'Layover Time': '1 hr CMN', 'Stop Location': [' CMN'], 'CO2 Emission': None, 'Emission Avg Diff (%)': None, 'Price ($)': 12837.0, 'Trip Type': 'round trip', 'Access Date': '2024-01-02'}, {'Leave Date': '2024-01-01', 'Return Date': '2024-01-05', 'Depart Time (Leg 1)': '10:35\u202fPM', 'Arrival Time (Leg 1)': '12:35\u202fAM+2', 'Airline(s)': 'LOTOperated by Air Belgium', 'Travel Time': '18 hr', 'Origin': 'JFK', 'Destination': 'IST', 'Num Stops': 1, 'Layover Time': '6 hr 50 ', 'Stop Location': ' WAW', 'CO2 Emission': None, 'Emission Avg Diff (%)': None, 'Price ($)': 13063.0, 'Trip Type': 'round trip', 'Access Date': '2024-01-02'}, {'Leave Date': '2024-01-01', 'Return Date': '2024-01-05', 'Depart Time (Leg 1)': '12:50\u202fPM', 'Arrival Time (Leg 1)': '6:40\u202fAM+1', 'Airline(s)': 'Turkish Airlines', 'Travel Time': '9 hr 50 min', 'Origin': 'JFK', 'Destination': 'IST', 'Num Stops': 0, 'Layover Time': None, 'Stop Location': None, 'CO2 Emission': None, 'Emission Avg Diff (%)': None, 'Price ($)': 18908.0, 'Trip Type': 'round trip', 'Access Date': '2024-01-02'}, {'Leave Date': '2024-01-01', 'Return Date': '2024-01-05', 'Depart Time (Leg 1)': '9:00\u202fPM', 'Arrival Time (Leg 1)': '11:10\u202fPM+1', 'Airline(s)': 'SWISS, Wizz Air', 'Travel Time': '18 hr 10 min', 'Origin': 'JFK', 'Destination': 'IST', 'Num Stops': 2, 'Layover Time': None, 'Stop Location': ['ZRH, BUD'], 'CO2 Emission': None, 'Emission Avg Diff (%)': None, 'Price ($)': 12345.0, 'Trip Type': 'round trip', 'Access Date': '2024-01-02'}, {'Leave Date': '2024-01-01', 'Return Date': '2024-01-05', 'Depart Time (Leg 1)': '9:00\u202fPM', 'Arrival Time (Leg 1)': '11:35\u202fPM+1', 'Airline(s)': 'SWISS, Turkish Airlines', 'Travel Time': '18 hr 35 min', 'Origin': 'JFK', 'Destination': 'IST', 'Num Stops': 2, 'Layover Time': None, 'Stop Location': ['ZRH, OTP'], 'CO2 Emission': None, 'Emission Avg Diff (%)': None, 'Price ($)': 12542.0, 'Trip Type': 'round trip', 'Access Date': '2024-01-02'}, {'Leave Date': '2024-01-01', 'Return Date': '2024-01-05', 'Depart Time (Leg 1)': '8:00\u202fPM', 'Arrival Time (Leg 1)': '11:50\u202fPM+1', 'Airline(s)': 'Royal Air Maroc, Turkish Airlines', 'Travel Time': '19 hr 50 min', 'Origin': 'JFK', 'Destination': 'IST', 'Num Stops': 1, 'Layover Time': '8 hr 20 ', 'Stop Location': ' CMN', 'CO2 Emission': None, 'Emission Avg Diff (%)': None, 'Price ($)': 12583.0, 'Trip Type': 'round trip', 'Access Date': '2024-01-02'}, {'Leave Date': '2024-01-01', 'Return Date': '2024-01-05', 'Depart Time (Leg 1)': '10:05\u202fPM', 'Arrival Time (Leg 1)': '12:40\u202fAM+2', 'Airline(s)': 'Air Europa, Turkish Airlines', 'Travel Time': '18 hr 35 min', 'Origin': 'JFK', 'Destination': 'IST', 'Num Stops': 2, 'Layover Time': None, 'Stop Location': ['MAD, FCO'], 'CO2 Emission': None, 'Emission Avg Diff (%)': None, 'Price ($)': 12815.0, 'Trip Type': 'round trip', 'Access Date': '2024-01-02'}, {'Leave Date': '2024-01-01', 'Return Date': '2024-01-05', 'Depart Time (Leg 1)': '10:35\u202fPM', 'Arrival Time (Leg 1)': '5:30\u202fPM+2', 'Airline(s)': 'LOTOperated by Air Belgium', 'Travel Time': '34 hr 55 min', 'Origin': 'JFK', 'Destination': 'IST', 'Num Stops': 1, 'Layover Time': '23 hr 45 ', 'Stop Location': ' WAW', 'CO2 Emission': None, 'Emission Avg Diff (%)': None, 'Price ($)': 13047.0, 'Trip Type': 'round trip', 'Access Date': '2024-01-02'}, {'Leave Date': '2024-01-01', 'Return Date': '2024-01-05', 'Depart Time (Leg 1)': '6:30\u202fPM', 'Arrival Time (Leg 1)': '5:45\u202fPM+1', 'Airline(s)': 'Air France, Transavia', 'Travel Time': '15 hr 15 min', 'Origin': 'JFK', 'Destination': 'IST', 'Num Stops': 1, 'Layover Time': 'Change of airport', 'Stop Location': ['Change of airport'], 'CO2 Emission': None, 'Emission Avg Diff (%)': None, 'Price ($)': 13297.0, 'Trip Type': 'round trip', 'Access Date': '2024-01-02'}, {'Leave Date': '2024-01-01', 'Return Date': '2024-01-05', 'Depart Time (Leg 1)': '6:30\u202fPM', 'Arrival Time (Leg 1)': '5:10\u202fPM+1', 'Airline(s)': 'Air France', 'Travel Time': '14 hr 40 min', 'Origin': 'JFK', 'Destination': 'IST', 'Num Stops': 1, 'Layover Time': '3 hr 55 ', 'Stop Location': ' CDG', 'CO2 Emission': None, 'Emission Avg Diff (%)': None, 'Price ($)': 13439.0, 'Trip Type': 'round trip', 'Access Date': '2024-01-02'}, {'Leave Date': '2024-01-01', 'Return Date': '2024-01-05', 'Depart Time (Leg 1)': '8:00\u202fPM', 'Arrival Time (Leg 1)': '1:55\u202fPM+1', 'Airline(s)': 'Turkish Airlines', 'Travel Time': '9 hr 55 min', 'Origin': 'JFK', 'Destination': 'IST', 'Num Stops': 0, 'Layover Time': None, 'Stop Location': None, 'CO2 Emission': None, 'Emission Avg Diff (%)': None, 'Price ($)': 19205.0, 'Trip Type': 'round trip', 'Access Date': '2024-01-02'}]
2024-01-02 11:15:04,001 - INFO - depart_time = 7:45 PM
2024-01-02 11:15:04,001 - INFO - arrival_time = 3:55 PM+1
2024-01-02 11:15:04,001 - INFO - airline = SWISS, Turkish AirlinesUnited
2024-01-02 11:15:04,001 - INFO - travel_time = 12 hr 10 min
2024-01-02 11:15:04,001 - INFO - origin = JFK
2024-01-02 11:15:04,002 - INFO - dest = IST
2024-01-02 11:15:04,002 - INFO - stops = 1
2024-01-02 11:15:04,002 - INFO - stop_time = 1 hr 25 
2024-01-02 11:15:04,002 - INFO - stop_location =  GVA
2024-01-02 11:15:04,002 - INFO - price_str =  31,901
2024-01-02 11:15:04,002 - INFO - price_value = 31901.0
2024-01-02 11:15:04,002 - INFO - flight_data ====== [{'Leave Date': '2024-01-01', 'Return Date': '2024-01-05', 'Depart Time (Leg 1)': '8:00\u202fPM', 'Arrival Time (Leg 1)': '4:40\u202fPM+1', 'Airline(s)': 'Royal Air Maroc', 'Travel Time': '12 hr 40 min', 'Origin': 'JFK', 'Destination': 'IST', 'Num Stops': 1, 'Layover Time': '1 hr CMN', 'Stop Location': [' CMN'], 'CO2 Emission': None, 'Emission Avg Diff (%)': None, 'Price ($)': 12837.0, 'Trip Type': 'round trip', 'Access Date': '2024-01-02'}, {'Leave Date': '2024-01-01', 'Return Date': '2024-01-05', 'Depart Time (Leg 1)': '10:35\u202fPM', 'Arrival Time (Leg 1)': '12:35\u202fAM+2', 'Airline(s)': 'LOTOperated by Air Belgium', 'Travel Time': '18 hr', 'Origin': 'JFK', 'Destination': 'IST', 'Num Stops': 1, 'Layover Time': '6 hr 50 ', 'Stop Location': ' WAW', 'CO2 Emission': None, 'Emission Avg Diff (%)': None, 'Price ($)': 13063.0, 'Trip Type': 'round trip', 'Access Date': '2024-01-02'}, {'Leave Date': '2024-01-01', 'Return Date': '2024-01-05', 'Depart Time (Leg 1)': '12:50\u202fPM', 'Arrival Time (Leg 1)': '6:40\u202fAM+1', 'Airline(s)': 'Turkish Airlines', 'Travel Time': '9 hr 50 min', 'Origin': 'JFK', 'Destination': 'IST', 'Num Stops': 0, 'Layover Time': None, 'Stop Location': None, 'CO2 Emission': None, 'Emission Avg Diff (%)': None, 'Price ($)': 18908.0, 'Trip Type': 'round trip', 'Access Date': '2024-01-02'}, {'Leave Date': '2024-01-01', 'Return Date': '2024-01-05', 'Depart Time (Leg 1)': '9:00\u202fPM', 'Arrival Time (Leg 1)': '11:10\u202fPM+1', 'Airline(s)': 'SWISS, Wizz Air', 'Travel Time': '18 hr 10 min', 'Origin': 'JFK', 'Destination': 'IST', 'Num Stops': 2, 'Layover Time': None, 'Stop Location': ['ZRH, BUD'], 'CO2 Emission': None, 'Emission Avg Diff (%)': None, 'Price ($)': 12345.0, 'Trip Type': 'round trip', 'Access Date': '2024-01-02'}, {'Leave Date': '2024-01-01', 'Return Date': '2024-01-05', 'Depart Time (Leg 1)': '9:00\u202fPM', 'Arrival Time (Leg 1)': '11:35\u202fPM+1', 'Airline(s)': 'SWISS, Turkish Airlines', 'Travel Time': '18 hr 35 min', 'Origin': 'JFK', 'Destination': 'IST', 'Num Stops': 2, 'Layover Time': None, 'Stop Location': ['ZRH, OTP'], 'CO2 Emission': None, 'Emission Avg Diff (%)': None, 'Price ($)': 12542.0, 'Trip Type': 'round trip', 'Access Date': '2024-01-02'}, {'Leave Date': '2024-01-01', 'Return Date': '2024-01-05', 'Depart Time (Leg 1)': '8:00\u202fPM', 'Arrival Time (Leg 1)': '11:50\u202fPM+1', 'Airline(s)': 'Royal Air Maroc, Turkish Airlines', 'Travel Time': '19 hr 50 min', 'Origin': 'JFK', 'Destination': 'IST', 'Num Stops': 1, 'Layover Time': '8 hr 20 ', 'Stop Location': ' CMN', 'CO2 Emission': None, 'Emission Avg Diff (%)': None, 'Price ($)': 12583.0, 'Trip Type': 'round trip', 'Access Date': '2024-01-02'}, {'Leave Date': '2024-01-01', 'Return Date': '2024-01-05', 'Depart Time (Leg 1)': '10:05\u202fPM', 'Arrival Time (Leg 1)': '12:40\u202fAM+2', 'Airline(s)': 'Air Europa, Turkish Airlines', 'Travel Time': '18 hr 35 min', 'Origin': 'JFK', 'Destination': 'IST', 'Num Stops': 2, 'Layover Time': None, 'Stop Location': ['MAD, FCO'], 'CO2 Emission': None, 'Emission Avg Diff (%)': None, 'Price ($)': 12815.0, 'Trip Type': 'round trip', 'Access Date': '2024-01-02'}, {'Leave Date': '2024-01-01', 'Return Date': '2024-01-05', 'Depart Time (Leg 1)': '10:35\u202fPM', 'Arrival Time (Leg 1)': '5:30\u202fPM+2', 'Airline(s)': 'LOTOperated by Air Belgium', 'Travel Time': '34 hr 55 min', 'Origin': 'JFK', 'Destination': 'IST', 'Num Stops': 1, 'Layover Time': '23 hr 45 ', 'Stop Location': ' WAW', 'CO2 Emission': None, 'Emission Avg Diff (%)': None, 'Price ($)': 13047.0, 'Trip Type': 'round trip', 'Access Date': '2024-01-02'}, {'Leave Date': '2024-01-01', 'Return Date': '2024-01-05', 'Depart Time (Leg 1)': '6:30\u202fPM', 'Arrival Time (Leg 1)': '5:45\u202fPM+1', 'Airline(s)': 'Air France, Transavia', 'Travel Time': '15 hr 15 min', 'Origin': 'JFK', 'Destination': 'IST', 'Num Stops': 1, 'Layover Time': 'Change of airport', 'Stop Location': ['Change of airport'], 'CO2 Emission': None, 'Emission Avg Diff (%)': None, 'Price ($)': 13297.0, 'Trip Type': 'round trip', 'Access Date': '2024-01-02'}, {'Leave Date': '2024-01-01', 'Return Date': '2024-01-05', 'Depart Time (Leg 1)': '6:30\u202fPM', 'Arrival Time (Leg 1)': '5:10\u202fPM+1', 'Airline(s)': 'Air France', 'Travel Time': '14 hr 40 min', 'Origin': 'JFK', 'Destination': 'IST', 'Num Stops': 1, 'Layover Time': '3 hr 55 ', 'Stop Location': ' CDG', 'CO2 Emission': None, 'Emission Avg Diff (%)': None, 'Price ($)': 13439.0, 'Trip Type': 'round trip', 'Access Date': '2024-01-02'}, {'Leave Date': '2024-01-01', 'Return Date': '2024-01-05', 'Depart Time (Leg 1)': '8:00\u202fPM', 'Arrival Time (Leg 1)': '1:55\u202fPM+1', 'Airline(s)': 'Turkish Airlines', 'Travel Time': '9 hr 55 min', 'Origin': 'JFK', 'Destination': 'IST', 'Num Stops': 0, 'Layover Time': None, 'Stop Location': None, 'CO2 Emission': None, 'Emission Avg Diff (%)': None, 'Price ($)': 19205.0, 'Trip Type': 'round trip', 'Access Date': '2024-01-02'}, {'Leave Date': '2024-01-01', 'Return Date': '2024-01-05', 'Depart Time (Leg 1)': '11:40\u202fPM', 'Arrival Time (Leg 1)': '5:25\u202fPM+1', 'Airline(s)': 'Turkish AirlinesJetBlue', 'Travel Time': '9 hr 45 min', 'Origin': 'JFK', 'Destination': 'IST', 'Num Stops': 0, 'Layover Time': None, 'Stop Location': None, 'CO2 Emission': None, 'Emission Avg Diff (%)': None, 'Price ($)': 20494.0, 'Trip Type': 'round trip', 'Access Date': '2024-01-02'}]
2024-01-02 11:15:04,004 - INFO - Data saved to CSV file
2024-01-02 11:15:04,004 - INFO - Flights Data Generated Succefully
2024-01-02 11:15:04,004 - INFO - _scrape_data ############################## Results Returned Succefully  
2024-01-02 11:15:04,004 - INFO - End Scrapping Data at 2024-01-02 11:15:04.004798. Elapsed Time: 0:00:07.167420
