2024-01-06 15:07:36,371 - INFO - Villes de départ avec des aéroports : ['Reliance', 'Port Hope Simpson', 'Elliot Lake', 'Fort Simpson', 'Longueuil', 'Island Lake', 'Kuujjuarapik', 'Hearst', 'Leaf Rapids', 'Fort Liard', 'Niagara-on-the-Lake', 'Port Hastings', 'Prince Rupert', 'Akulivik', 'Umiujaq', 'Wekweètì', 'Paulatuk', 'Aklavik', 'Whale Cove', 'Sanikiluaq', 'Marathon', 'Island Lake', 'Pembroke', 'Grise Fiord', 'Big Trout Lake', 'Qikiqtarjuaq', 'Port Alberni', 'Lynn Lake', 'Kapuskasing', 'Leaf Rapids', 'Thompson', 'Gods River', 'Sandspit', 'Port Hardy', 'Sandy Lake', 'Chetwynd', 'Hamilton', 'Norway House', 'Douglas Lake', 'Black Tickle', 'Pond Inlet', 'Ulukhaktok', 'Schefferville', 'Kangirsuk', 'Attawapiskat', 'Gjoa Haven', 'Lebel-sur-Quévillon', 'Port McNeill', 'Gatineau', 'Whitehorse', 'Pickle Lake', 'Puvirnituq', "Lutselk'e", 'Squamish', 'Rankin Inlet', 'Delta', 'Dawson', 'Rae Lakes', 'Ilford', 'Resolute', 'Hagensborg', 'Creston', 'Dryden', 'Ivujivik', 'La Ronge', 'Wabush', 'Port-Menier', 'Fort Chipewyan', 'Wrigley', 'Fort Saint John', 'Fond-du-Lac', 'Greenwood']
2024-01-06 15:07:36,374 - INFO - Villes de destination avec des aéroports : ['Murphysboro', 'Ketchikan', 'Warrenton', 'Meridian', 'Memphis', 'Freeland', 'Moberly', 'Avoca', 'Manteo', 'McAlester', 'Madison', 'Moab', 'Peyton', 'Naknek', 'Tuntutuliak', 'Sitka', 'Cody', 'Meadville', 'Newark', 'Richland', 'Atwater', 'Marshfield', 'Dodge City', 'Medford', 'Erie', 'Kill Devil Hills', 'Craig', 'Malden', 'Key West', 'Menominee', 'Gwinn', 'Manhattan', 'London', 'Martinsburg', 'Mattoon', 'Missoula', 'Durango', 'La Porte', 'Nacogdoches', 'Liberty', 'Las Cruces', 'Lordsburg', 'Los Banos', 'Chicken', 'Nellis Air Force Base', 'Hilo', 'Houston', 'Latrobe', 'Jacksonville', 'La Crosse', 'Lopez Island', 'Sedalia', 'Lawrenceville', 'Las Vegas', 'Latrobe', 'North Platte', 'Alamogordo', 'Nashua', 'Jamestown', 'Linden', 'Lafayette', 'Lexington', 'New York', 'Long Beach', 'Atlantic City', 'La Grande', 'Leadville', 'Aspen', 'Austin', 'Atmautluak', 'Wausau', 'Sugar Grove', 'Pensacola', 'Tatitlek', 'San Diego', 'Sacramento', 'Laredo', 'Avon Park', 'St. Louis', 'Saint Paul', 'Sturgeon Bay', 'Battle Mountain', 'Friday Harbor', 'Tununak', 'Ventura', 'Portage', 'Seward', 'Shelbyville', 'Golovin', 'Gustavus', 'Manistee', 'Broken Bow', 'Blanding', 'Lyons', 'Lynchburg', 'False Pass', 'Koyuk', 'Holy Cross', 'Ketchikan', 'Kaltag', 'Kodiak', 'Homer', 'Hooper Bay', 'Huslia', 'King Salmon', 'Anaktuvuk Pass', 'Windsor Locks', 'Bakersfield', 'Kiana', 'Shageluk', 'Point Hope', 'Nome', 'Lake Minchumina', 'Toksook Bay', 'Saint Michael', 'Port Heiden', 'Platinum', 'Teller', 'Glennallen', 'Manley Hot Springs', 'McAllen', 'Ely', 'Northway', 'Kotzebue', 'Nelson Lagoon', 'Borger', 'Ruby', 'Talkeetna', 'Fort Yukon', 'Lawrenceville', 'Shafter', 'Prudhoe Bay', 'Sleetmute', 'Marshalltown', 'Horseheads', 'Manchester', 'Johnson City', 'Miami', 'Craig', 'Angoon', 'Minneapolis', 'Birmingham', 'Jackson', 'New Shoreham', 'Beatrice', 'Pinellas Park', 'Bemidji', 'Moline', 'Jackson', 'Swan Lake', 'Kenner', 'Marathon', 'Montrose', 'Excursion Inlet', 'Beaumont', 'Nashville', 'San Diego', 'Bedford', 'Gustavus', 'Bennettsville', 'Butler', 'Bangor', 'Blackwell', 'Bowman', 'Bogalusa', 'Milledgeville', 'Buckeye', 'Borrego Springs', 'Olathe', 'Burley', 'Hollister', 'Cleveland', 'Bloomington', 'Malta', 'Miles City', 'Hopkins', 'Clayton', 'Caribou', 'Council Bluffs', 'Colby', 'Barnwell', 'Monroe', 'Marion', 'Mammoth Lakes', 'Morristown', 'Charles City', 'Camden', 'Cedar Key', 'Camden', 'Midland', 'Campbellsville', 'Galesburg', 'Philadelphia', 'Smiths Creek', 'Childress', 'Fairfield', 'Chicopee', 'Seneca', 'Connersville', 'Omaha', 'Pellston', 'Bisbee', 'Amarillo', 'Moose Lake', 'Crestview', 'Murray', 'Delta Junction', 'Minot', 'Andrews', 'Brawley', 'Brownwood', 'Ashland', 'Crescent City', 'Casa Grande', 'Chickasha', 'Naples', 'Calipatria', 'Ronkonkoma', 'Mountain Home Air Force Base', 'Chehalis', 'Columbus', 'Clearwater', 'Columbus', 'Cadiz', 'Talladega', 'Ashland', 'Ashley', 'Albany', 'Bloomington', 'Montauk', 'Charleston', 'Waimea', 'Kayenta', 'San Jose', 'Augusta', 'Austin', 'Auburn', 'Auburn', 'Greenwood', 'Saint Petersburg', 'Eastsound', 'Algona', 'Hayden', 'Muscatine', 'West Memphis', 'Alexandria', 'New Knoxville', 'Claremont', 'Concordia', 'Mount Vernon', 'Manila', 'Monticello', 'Maxton', 'Marlborough', 'Monticello', 'Caro', 'Batesville', 'Beverly', 'Bowling Green', 'Baltimore', 'Nuiqsut', 'Nowata', 'Pilot Point', 'Waukesha', 'Ukiah', 'Offutt Air Force Base', 'Kahului', 'Bangor', 'Herendeen Bay', 'Ogdensburg', 'Columbus', 'Billings', 'Bismarck', 'New Ulm', 'Redding', 'Everett', 'West Paducah', 'Palo Alto', 'Beaver', 'Pittsfield', 'Dublin', 'Palm Springs', 'Niles', 'Brainerd', 'Kneeland', 'Novato', 'Nephi', 'Richmond', 'Milton', 'Buffalo', 'Decatur', 'Decorah', 'Denver', 'Defiance', 'DFW Airport', 'Dahlgren', 'Douglas', 'Saratoga', 'San Antonio', 'Santa Barbara', 'Scottsdale', 'Roanoke', 'Midland City', 'Dalhart', 'Dickinson', 'Dunkirk', 'Seattle', 'Reedsville', 'Laughlin Air Force Base', 'Duluth', 'Rangely', 'Reno', 'State College', 'Dillon']
2024-01-06 15:07:36,374 - INFO - Reliance:Murphysboro
2024-01-06 15:07:36,374 - INFO - Start Scrapping Data at 2024-01-06 15:07:36.374296
2024-01-06 15:07:42,251 - ERROR - An error occurred in _get_flight_elements: Message: no such window: target window already closed
from unknown error: web view not found
  (Session info: chrome=120.0.6099.199)

2024-01-06 15:07:42,757 - ERROR - An error occurred in _get_flight_elements: Message: no such window: target window already closed
from unknown error: web view not found
  (Session info: chrome=120.0.6099.199)

2024-01-06 15:07:43,260 - ERROR - An error occurred in _get_flight_elements: Message: no such window: target window already closed
from unknown error: web view not found
  (Session info: chrome=120.0.6099.199)

2024-01-06 15:07:43,762 - ERROR - An error occurred in _get_flight_elements: Message: no such window: target window already closed
from unknown error: web view not found
  (Session info: chrome=120.0.6099.199)

2024-01-06 15:07:44,266 - ERROR - An error occurred in _get_flight_elements: Message: no such window: target window already closed
from unknown error: web view not found
  (Session info: chrome=120.0.6099.199)

2024-01-06 15:07:44,770 - ERROR - An error occurred in _get_flight_elements: Message: no such window: target window already closed
from unknown error: web view not found
  (Session info: chrome=120.0.6099.199)

2024-01-06 15:07:45,273 - ERROR - An error occurred in _get_flight_elements: Message: no such window: target window already closed
from unknown error: web view not found
  (Session info: chrome=120.0.6099.199)

2024-01-06 15:07:45,609 - INFO - Data saved to CSV file: Data/flights_data_2024-01-06_15-07-45.csv##############################
2024-01-06 15:07:45,610 - WARNING - Retrying (Retry(total=2, connect=None, read=None, redirect=None, status=None)) after connection broken by 'NewConnectionError('<urllib3.connection.HTTPConnection object at 0x7fa1ebfe70a0>: Failed to establish a new connection: [Errno 61] Connection refused')': /session/921109fc27c6ec2ee933aca9fe9c0828
2024-01-06 15:07:45,610 - WARNING - Retrying (Retry(total=1, connect=None, read=None, redirect=None, status=None)) after connection broken by 'NewConnectionError('<urllib3.connection.HTTPConnection object at 0x7fa1ebfe7c10>: Failed to establish a new connection: [Errno 61] Connection refused')': /session/921109fc27c6ec2ee933aca9fe9c0828
2024-01-06 15:07:45,611 - WARNING - Retrying (Retry(total=0, connect=None, read=None, redirect=None, status=None)) after connection broken by 'NewConnectionError('<urllib3.connection.HTTPConnection object at 0x7fa1ebfe7c70>: Failed to establish a new connection: [Errno 61] Connection refused')': /session/921109fc27c6ec2ee933aca9fe9c0828
2024-01-06 15:07:45,633 - INFO - End Scrapping Data at 2024-01-06 15:07:45.633935. Elapsed Time: 0:00:09.259639
