2024-01-22 18:56:35,450 - INFO - Connexion réussie à la base de données
2024-01-22 18:58:05,812 - INFO - Data Inserted Succefully into table : FlightsData
2024-01-22 18:58:06,032 - INFO - Data Inserted Succefully into table : FlightsData
2024-01-22 18:58:06,048 - INFO - Data Inserted Succefully into table : FlightsData
2024-01-22 18:58:06,056 - INFO - Data Inserted Succefully into table : FlightsData
2024-01-22 18:58:06,066 - INFO - Data Inserted Succefully into table : FlightsData
2024-01-22 18:58:06,074 - INFO - Data Inserted Succefully into table : FlightsData
2024-01-22 18:58:16,663 - INFO - Data Inserted Succefully into table : FlightsData
2024-01-22 18:58:16,710 - ERROR - Error inserting data into table 'FlightsData': ('42000', '[42000] [Microsoft][ODBC Driver 17 for SQL Server][SQL Server]Column, parameter, or variable #13: Cannot find data type CDG, LYS. (2715) (SQLExecDirectW)')
2024-01-22 18:58:16,716 - INFO - Data Inserted Succefully into table : FlightsData
2024-01-22 18:58:16,762 - INFO - Data Inserted Succefully into table : FlightsData
2024-01-22 18:58:22,625 - ERROR - Error inserting data into table 'FlightsData': ('42000', '[42000] [Microsoft][ODBC Driver 17 for SQL Server][SQL Server]Column, parameter, or variable #13: Cannot find data type CDG, DTW. (2715) (SQLExecDirectW)')
2024-01-22 18:58:22,672 - INFO - Data Inserted Succefully into table : FlightsData
2024-01-22 18:58:22,679 - INFO - Data Inserted Succefully into table : FlightsData
2024-01-22 18:58:22,683 - INFO - Data Inserted Succefully into table : FlightsData
2024-01-22 18:58:22,686 - ERROR - Error inserting data into table 'FlightsData': ('42000', '[42000] [Microsoft][ODBC Driver 17 for SQL Server][SQL Server]Column, parameter, or variable #13: Cannot find data type CDG, AMS. (2715) (SQLExecDirectW)')
2024-01-22 18:58:22,688 - ERROR - Error inserting data into table 'FlightsData': ('42000', '[42000] [Microsoft][ODBC Driver 17 for SQL Server][SQL Server]Column, parameter, or variable #13: Cannot find data type CDG, AMS. (2715) (SQLExecDirectW)')
2024-01-22 18:58:22,692 - ERROR - Error inserting data into table 'FlightsData': ('42000', '[42000] [Microsoft][ODBC Driver 17 for SQL Server][SQL Server]Column, parameter, or variable #13: Cannot find data type IST, YYZ. (2715) (SQLExecDirectW)')
2024-01-22 18:58:22,697 - INFO - Data Inserted Succefully into table : FlightsData
2024-01-22 19:00:43,989 - INFO - Data Inserted Succefully into table : FlightsData
2024-01-22 19:00:44,000 - INFO - Data Inserted Succefully into table : FlightsData
2024-01-22 19:00:44,051 - INFO - Data Inserted Succefully into table : FlightsData
2024-01-22 19:00:44,140 - INFO - Data Inserted Succefully into table : FlightsData
2024-01-22 19:00:44,147 - INFO - Data Inserted Succefully into table : FlightsData
2024-01-22 19:00:44,153 - INFO - Data Inserted Succefully into table : FlightsData
2024-01-22 19:00:44,158 - INFO - Data Inserted Succefully into table : FlightsData
2024-01-22 19:00:59,514 - INFO - Data Inserted Succefully into table : FlightsData
2024-01-22 19:00:59,521 - INFO - Data Inserted Succefully into table : FlightsData
2024-01-22 19:00:59,528 - INFO - Data Inserted Succefully into table : FlightsData
2024-01-22 19:00:59,532 - INFO - Data Inserted Succefully into table : FlightsData
2024-01-22 19:00:59,539 - INFO - Data Inserted Succefully into table : FlightsData
2024-01-22 19:00:59,545 - INFO - Data Inserted Succefully into table : FlightsData
2024-01-22 19:00:59,550 - INFO - Data Inserted Succefully into table : FlightsData
2024-01-22 19:02:20,791 - INFO - Data Inserted Succefully into table : FlightsData
2024-01-22 19:02:20,795 - ERROR - Error inserting data into table 'FlightsData': ('42000', '[42000] [Microsoft][ODBC Driver 17 for SQL Server][SQL Server]Column, parameter, or variable #13: Cannot find data type CDG, LYS. (2715) (SQLExecDirectW)')
2024-01-22 19:02:20,832 - INFO - Data Inserted Succefully into table : FlightsData
2024-01-22 19:02:20,841 - INFO - Data Inserted Succefully into table : FlightsData
2024-01-22 19:02:25,967 - INFO - Data Inserted Succefully into table : FlightsData
2024-01-22 19:02:25,973 - INFO - Data Inserted Succefully into table : FlightsData
2024-01-22 19:02:25,978 - INFO - Data Inserted Succefully into table : FlightsData
2024-01-22 19:02:25,982 - INFO - Data Inserted Succefully into table : FlightsData
2024-01-22 19:02:25,986 - INFO - Data Inserted Succefully into table : FlightsData
2024-01-22 19:02:25,991 - INFO - Data Inserted Succefully into table : FlightsData
2024-01-22 19:02:30,823 - ERROR - Error inserting data into table 'FlightsData': ('42000', '[42000] [Microsoft][ODBC Driver 17 for SQL Server][SQL Server]Column, parameter, or variable #13: Cannot find data type Change of airport. (2715) (SQLExecDirectW)')
2024-01-22 19:02:30,829 - ERROR - Error inserting data into table 'FlightsData': ('42000', '[42000] [Microsoft][ODBC Driver 17 for SQL Server][SQL Server]Column, parameter, or variable #13: Cannot find data type Change of airport. (2715) (SQLExecDirectW)')
2024-01-22 19:02:30,831 - ERROR - Error inserting data into table 'FlightsData': ('42000', '[42000] [Microsoft][ODBC Driver 17 for SQL Server][SQL Server]Column, parameter, or variable #13: Cannot find data type CDG, MRS. (2715) (SQLExecDirectW)')
2024-01-22 19:02:30,833 - ERROR - Error inserting data into table 'FlightsData': ('42000', '[42000] [Microsoft][ODBC Driver 17 for SQL Server][SQL Server]Column, parameter, or variable #13: Cannot find data type CDG, NCE. (2715) (SQLExecDirectW)')
2024-01-22 19:06:00,719 - INFO - Data Inserted Succefully into table : FlightsData
2024-01-22 19:06:00,727 - INFO - Data Inserted Succefully into table : FlightsData
2024-01-22 19:06:00,772 - INFO - Data Inserted Succefully into table : FlightsData
2024-01-22 19:06:00,776 - INFO - Data Inserted Succefully into table : FlightsData
2024-01-22 19:06:00,781 - INFO - Data Inserted Succefully into table : FlightsData
2024-01-22 19:06:00,789 - INFO - Data Inserted Succefully into table : FlightsData
2024-01-22 19:06:00,793 - INFO - Data Inserted Succefully into table : FlightsData
2024-01-22 19:06:00,799 - INFO - Data Inserted Succefully into table : FlightsData
2024-01-22 19:06:05,706 - INFO - Data Inserted Succefully into table : FlightsData
2024-01-22 19:06:05,710 - INFO - Data Inserted Succefully into table : FlightsData
2024-01-22 19:06:05,715 - INFO - Data Inserted Succefully into table : FlightsData
2024-01-22 19:06:05,720 - INFO - Data Inserted Succefully into table : FlightsData
2024-01-22 19:06:05,727 - INFO - Data Inserted Succefully into table : FlightsData
2024-01-22 19:06:10,608 - INFO - Data Inserted Succefully into table : FlightsData
2024-01-22 19:06:10,615 - INFO - Data Inserted Succefully into table : FlightsData
2024-01-22 19:06:10,620 - INFO - Data Inserted Succefully into table : FlightsData
2024-01-22 19:06:10,624 - INFO - Data Inserted Succefully into table : FlightsData
2024-01-22 19:06:10,671 - INFO - Data Inserted Succefully into table : FlightsData
2024-01-22 19:06:10,675 - INFO - Data Inserted Succefully into table : FlightsData
2024-01-22 19:06:10,680 - INFO - Data Inserted Succefully into table : FlightsData
2024-01-22 19:06:20,628 - INFO - Data Inserted Succefully into table : FlightsData
2024-01-22 19:06:20,635 - INFO - Data Inserted Succefully into table : FlightsData
2024-01-22 19:06:20,637 - INFO - Data Inserted Succefully into table : FlightsData
2024-01-22 19:06:20,639 - INFO - Data Inserted Succefully into table : FlightsData
2024-01-22 19:06:20,641 - INFO - Data Inserted Succefully into table : FlightsData
2024-01-22 19:06:20,643 - INFO - Data Inserted Succefully into table : FlightsData
2024-01-22 19:06:20,645 - INFO - Data Inserted Succefully into table : FlightsData
